<?xml version="1.0" encoding="UTF-8"?>
<!-- Generated by org.testng.reporters.JUnitXMLReporter -->
<testsuite hostname="DeBaSiSh" name="Default test" tests="3" failures="0" timestamp="30 Jan 2020 10:36:37 GMT" time="41.31" errors="0">
  <testcase name="AmazonHomePageTest" time="9.332" classname="com.pc.qa.testcases.PriceComparisionTest"/>
  <testcase name="FlipkartHomePageTest" time="15.56" classname="com.pc.qa.testcases.PriceComparisionTest"/>
  <testcase name="priceComparision" time="0.001" classname="com.pc.qa.testcases.PriceComparisionTest"/>
</testsuite> <!-- Default test -->
